  1-3几种数据的大小.cpp
E:\code  鹏哥C语言\1 初始C语言\第一讲\1-3几种数据类型的大小\1-3几种数据类型的大小\1-3几种数据的大小.cpp(7,9): warning C4477: “printf”: 格式字符串“%d”需要类型“int”的参数，但可变参数 1 拥有了类型“size_t”
  E:\code  鹏哥C语言\1 初始C语言\第一讲\1-3几种数据类型的大小\1-3几种数据类型的大小\1-3几种数据的大小.cpp(7,9):
  请考虑在格式字符串中使用“%zd”
  
E:\code  鹏哥C语言\1 初始C语言\第一讲\1-3几种数据类型的大小\1-3几种数据类型的大小\1-3几种数据的大小.cpp(8,9): warning C4477: “printf”: 格式字符串“%d”需要类型“int”的参数，但可变参数 1 拥有了类型“size_t”
  E:\code  鹏哥C语言\1 初始C语言\第一讲\1-3几种数据类型的大小\1-3几种数据类型的大小\1-3几种数据的大小.cpp(8,9):
  请考虑在格式字符串中使用“%zd”
  
E:\code  鹏哥C语言\1 初始C语言\第一讲\1-3几种数据类型的大小\1-3几种数据类型的大小\1-3几种数据的大小.cpp(9,9): warning C4477: “printf”: 格式字符串“%d”需要类型“int”的参数，但可变参数 1 拥有了类型“size_t”
  E:\code  鹏哥C语言\1 初始C语言\第一讲\1-3几种数据类型的大小\1-3几种数据类型的大小\1-3几种数据的大小.cpp(9,9):
  请考虑在格式字符串中使用“%zd”
  
E:\code  鹏哥C语言\1 初始C语言\第一讲\1-3几种数据类型的大小\1-3几种数据类型的大小\1-3几种数据的大小.cpp(10,9): warning C4477: “printf”: 格式字符串“%d”需要类型“int”的参数，但可变参数 1 拥有了类型“size_t”
  E:\code  鹏哥C语言\1 初始C语言\第一讲\1-3几种数据类型的大小\1-3几种数据类型的大小\1-3几种数据的大小.cpp(10,9):
  请考虑在格式字符串中使用“%zd”
  
E:\code  鹏哥C语言\1 初始C语言\第一讲\1-3几种数据类型的大小\1-3几种数据类型的大小\1-3几种数据的大小.cpp(11,9): warning C4477: “printf”: 格式字符串“%d”需要类型“int”的参数，但可变参数 1 拥有了类型“size_t”
  E:\code  鹏哥C语言\1 初始C语言\第一讲\1-3几种数据类型的大小\1-3几种数据类型的大小\1-3几种数据的大小.cpp(11,9):
  请考虑在格式字符串中使用“%zd”
  
E:\code  鹏哥C语言\1 初始C语言\第一讲\1-3几种数据类型的大小\1-3几种数据类型的大小\1-3几种数据的大小.cpp(12,9): warning C4477: “printf”: 格式字符串“%d”需要类型“int”的参数，但可变参数 1 拥有了类型“size_t”
  E:\code  鹏哥C语言\1 初始C语言\第一讲\1-3几种数据类型的大小\1-3几种数据类型的大小\1-3几种数据的大小.cpp(12,9):
  请考虑在格式字符串中使用“%zd”
  
E:\code  鹏哥C语言\1 初始C语言\第一讲\1-3几种数据类型的大小\1-3几种数据类型的大小\1-3几种数据的大小.cpp(13,9): warning C4477: “printf”: 格式字符串“%d”需要类型“int”的参数，但可变参数 1 拥有了类型“size_t”
  E:\code  鹏哥C语言\1 初始C语言\第一讲\1-3几种数据类型的大小\1-3几种数据类型的大小\1-3几种数据的大小.cpp(13,9):
  请考虑在格式字符串中使用“%zd”
  
  1-3几种数据类型的大小.vcxproj -> E:\code  鹏哥C语言\1 初始C语言\第一讲\1-3几种数据类型的大小\x64\Debug\1-3几种数据类型的大小.exe
